{"/Users/kelvintay/Downloads/react-native-transction-master/api/getTransaction.js": {"path":"/Users/kelvintay/Downloads/react-native-transction-master/api/getTransaction.js","statementMap":{"0":{"start":{"line":1,"column":13},"end":{"line":1,"column":75}},"1":{"start":{"line":1,"column":75},"end":{"line":1,"column":100}},"2":{"start":{"line":1,"column":113},"end":{"line":1,"column":154}},"3":{"start":{"line":2,"column":19},"end":{"line":2,"column":42}},"4":{"start":{"line":3,"column":13},"end":{"line":3,"column":53}},"5":{"start":{"line":4,"column":24},"end":{"line":4,"column":53}},"6":{"start":{"line":4,"column":66},"end":{"line":4,"column":70}},"7":{"start":{"line":4,"column":86},"end":{"line":4,"column":167}},"8":{"start":{"line":4,"column":206},"end":{"line":4,"column":260}},"9":{"start":{"line":4,"column":309},"end":{"line":4,"column":356}},"10":{"start":{"line":4,"column":344},"end":{"line":4,"column":356}},"11":{"start":{"line":4,"column":380},"end":{"line":4,"column":393}},"12":{"start":{"line":4,"column":417},"end":{"line":4,"column":430}},"13":{"start":{"line":4,"column":431},"end":{"line":4,"column":588}},"14":{"start":{"line":4,"column":514},"end":{"line":4,"column":572}},"15":{"start":{"line":4,"column":641},"end":{"line":4,"column":697}},"16":{"start":{"line":4,"column":685},"end":{"line":4,"column":696}},"17":{"start":{"line":4,"column":697},"end":{"line":4,"column":797}},"18":{"start":{"line":4,"column":772},"end":{"line":4,"column":796}},"19":{"start":{"line":4,"column":809},"end":{"line":4,"column":846}},"20":{"start":{"line":4,"column":847},"end":{"line":4,"column":900}},"21":{"start":{"line":4,"column":877},"end":{"line":4,"column":899}},"22":{"start":{"line":4,"column":913},"end":{"line":4,"column":915}},"23":{"start":{"line":4,"column":944},"end":{"line":4,"column":1000}},"24":{"start":{"line":4,"column":1001},"end":{"line":4,"column":1293}},"25":{"start":{"line":4,"column":1023},"end":{"line":4,"column":1292}},"26":{"start":{"line":4,"column":1108},"end":{"line":4,"column":1180}},"27":{"start":{"line":4,"column":1181},"end":{"line":4,"column":1291}},"28":{"start":{"line":4,"column":1218},"end":{"line":4,"column":1259}},"29":{"start":{"line":4,"column":1267},"end":{"line":4,"column":1290}},"30":{"start":{"line":4,"column":1293},"end":{"line":4,"column":1314}},"31":{"start":{"line":4,"column":1314},"end":{"line":4,"column":1350}},"32":{"start":{"line":4,"column":1326},"end":{"line":4,"column":1349}},"33":{"start":{"line":4,"column":1350},"end":{"line":4,"column":1364}},"34":{"start":{"line":4,"column":1398},"end":{"line":4,"column":1520}},"35":{"start":{"line":4,"column":1550},"end":{"line":4,"column":1711}},"36":{"start":{"line":4,"column":1761},"end":{"line":4,"column":1776}},"37":{"start":{"line":4,"column":1769},"end":{"line":4,"column":1776}},"38":{"start":{"line":4,"column":1776},"end":{"line":4,"column":1839}},"39":{"start":{"line":4,"column":1803},"end":{"line":4,"column":1839}},"40":{"start":{"line":4,"column":1847},"end":{"line":4,"column":1893}},"41":{"start":{"line":4,"column":1894},"end":{"line":4,"column":1954}},"42":{"start":{"line":4,"column":1931},"end":{"line":4,"column":1954}},"43":{"start":{"line":4,"column":1954},"end":{"line":4,"column":2007}},"44":{"start":{"line":4,"column":1986},"end":{"line":4,"column":2007}},"45":{"start":{"line":4,"column":2007},"end":{"line":4,"column":2120}},"46":{"start":{"line":4,"column":2084},"end":{"line":4,"column":2120}},"47":{"start":{"line":4,"column":2159},"end":{"line":4,"column":2213}},"48":{"start":{"line":4,"column":2196},"end":{"line":4,"column":2213}},"49":{"start":{"line":4,"column":2213},"end":{"line":4,"column":2285}},"50":{"start":{"line":4,"column":2226},"end":{"line":4,"column":2227}},"51":{"start":{"line":4,"column":2236},"end":{"line":4,"column":2250}},"52":{"start":{"line":4,"column":2267},"end":{"line":4,"column":2284}},"53":{"start":{"line":4,"column":2285},"end":{"line":4,"column":2297}},"54":{"start":{"line":4,"column":2347},"end":{"line":4,"column":2442}},"55":{"start":{"line":4,"column":2443},"end":{"line":4,"column":2466}},"56":{"start":{"line":4,"column":2459},"end":{"line":4,"column":2466}},"57":{"start":{"line":4,"column":2477},"end":{"line":4,"column":2479}},"58":{"start":{"line":4,"column":2489},"end":{"line":4,"column":2493}},"59":{"start":{"line":4,"column":2503},"end":{"line":4,"column":2508}},"60":{"start":{"line":4,"column":2520},"end":{"line":4,"column":2775}},"61":{"start":{"line":4,"column":2525},"end":{"line":4,"column":2647}},"62":{"start":{"line":4,"column":2592},"end":{"line":4,"column":2612}},"63":{"start":{"line":4,"column":2612},"end":{"line":4,"column":2646}},"64":{"start":{"line":4,"column":2640},"end":{"line":4,"column":2646}},"65":{"start":{"line":4,"column":2662},"end":{"line":4,"column":2672}},"66":{"start":{"line":4,"column":2672},"end":{"line":4,"column":2681}},"67":{"start":{"line":4,"column":2692},"end":{"line":4,"column":2774}},"68":{"start":{"line":4,"column":2697},"end":{"line":4,"column":2745}},"69":{"start":{"line":4,"column":2730},"end":{"line":4,"column":2745}},"70":{"start":{"line":4,"column":2756},"end":{"line":4,"column":2773}},"71":{"start":{"line":4,"column":2764},"end":{"line":4,"column":2773}},"72":{"start":{"line":4,"column":2775},"end":{"line":4,"column":2787}},"73":{"start":{"line":4,"column":2819},"end":{"line":4,"column":2854}},"74":{"start":{"line":4,"column":2843},"end":{"line":4,"column":2854}},"75":{"start":{"line":7,"column":22},"end":{"line":60,"column":1}},"76":{"start":{"line":8,"column":18},"end":{"line":8,"column":45}},"77":{"start":{"line":8,"column":59},"end":{"line":8,"column":87}},"78":{"start":{"line":8,"column":100},"end":{"line":8,"column":113}},"79":{"start":{"line":8,"column":127},"end":{"line":8,"column":140}},"80":{"start":{"line":9,"column":19},"end":{"line":9,"column":43}},"81":{"start":{"line":9,"column":57},"end":{"line":9,"column":86}},"82":{"start":{"line":9,"column":101},"end":{"line":9,"column":114}},"83":{"start":{"line":9,"column":132},"end":{"line":9,"column":145}},"84":{"start":{"line":10,"column":19},"end":{"line":10,"column":45}},"85":{"start":{"line":10,"column":59},"end":{"line":10,"column":88}},"86":{"start":{"line":10,"column":97},"end":{"line":10,"column":110}},"87":{"start":{"line":10,"column":122},"end":{"line":10,"column":135}},"88":{"start":{"line":12,"column":16},"end":{"line":29,"column":3}},"89":{"start":{"line":13,"column":4},"end":{"line":13,"column":21}},"90":{"start":{"line":14,"column":4},"end":{"line":14,"column":34}},"91":{"start":{"line":15,"column":4},"end":{"line":28,"column":7}},"92":{"start":{"line":19,"column":6},"end":{"line":19,"column":24}},"93":{"start":{"line":20,"column":23},"end":{"line":20,"column":102}},"94":{"start":{"line":20,"column":61},"end":{"line":20,"column":100}},"95":{"start":{"line":21,"column":6},"end":{"line":21,"column":85}},"96":{"start":{"line":25,"column":6},"end":{"line":25,"column":24}},"97":{"start":{"line":26,"column":6},"end":{"line":26,"column":22}},"98":{"start":{"line":27,"column":6},"end":{"line":27,"column":27}},"99":{"start":{"line":30,"column":2},"end":{"line":33,"column":9}},"100":{"start":{"line":31,"column":4},"end":{"line":31,"column":21}},"101":{"start":{"line":32,"column":4},"end":{"line":32,"column":14}},"102":{"start":{"line":35,"column":31},"end":{"line":37,"column":3}},"103":{"start":{"line":36,"column":4},"end":{"line":36,"column":56}},"104":{"start":{"line":38,"column":2},"end":{"line":54,"column":154}},"105":{"start":{"line":42,"column":44},"end":{"line":46,"column":217}},"106":{"start":{"line":43,"column":141},"end":{"line":43,"column":180}},"107":{"start":{"line":61,"column":0},"end":{"line":61,"column":15}},"108":{"start":{"line":61,"column":16},"end":{"line":61,"column":43}}},"fnMap":{"0":{"name":"_interopRequireDefault","decl":{"start":{"line":4,"column":177},"end":{"line":4,"column":199}},"loc":{"start":{"line":4,"column":205},"end":{"line":4,"column":261}},"line":4},"1":{"name":"_getRequireWildcardCache","decl":{"start":{"line":4,"column":270},"end":{"line":4,"column":294}},"loc":{"start":{"line":4,"column":308},"end":{"line":4,"column":589}},"line":4},"2":{"name":"_getRequireWildcardCache","decl":{"start":{"line":4,"column":475},"end":{"line":4,"column":499}},"loc":{"start":{"line":4,"column":513},"end":{"line":4,"column":573}},"line":4},"3":{"name":"_interopRequireWildcard","decl":{"start":{"line":4,"column":598},"end":{"line":4,"column":621}},"loc":{"start":{"line":4,"column":640},"end":{"line":4,"column":1365}},"line":4},"4":{"name":"_slicedToArray","decl":{"start":{"line":4,"column":1374},"end":{"line":4,"column":1388}},"loc":{"start":{"line":4,"column":1397},"end":{"line":4,"column":1521}},"line":4},"5":{"name":"_nonIterableRest","decl":{"start":{"line":4,"column":1530},"end":{"line":4,"column":1546}},"loc":{"start":{"line":4,"column":1549},"end":{"line":4,"column":1712}},"line":4},"6":{"name":"_unsupportedIterableToArray","decl":{"start":{"line":4,"column":1721},"end":{"line":4,"column":1748}},"loc":{"start":{"line":4,"column":1760},"end":{"line":4,"column":2121}},"line":4},"7":{"name":"_arrayLikeToArray","decl":{"start":{"line":4,"column":2130},"end":{"line":4,"column":2147}},"loc":{"start":{"line":4,"column":2158},"end":{"line":4,"column":2298}},"line":4},"8":{"name":"_iterableToArrayLimit","decl":{"start":{"line":4,"column":2307},"end":{"line":4,"column":2328}},"loc":{"start":{"line":4,"column":2337},"end":{"line":4,"column":2788}},"line":4},"9":{"name":"_arrayWithHoles","decl":{"start":{"line":4,"column":2797},"end":{"line":4,"column":2812}},"loc":{"start":{"line":4,"column":2818},"end":{"line":4,"column":2855}},"line":4},"10":{"name":"TransactionData","decl":{"start":{"line":7,"column":31},"end":{"line":7,"column":46}},"loc":{"start":{"line":7,"column":54},"end":{"line":60,"column":1}},"line":7},"11":{"name":"getData","decl":{"start":{"line":12,"column":25},"end":{"line":12,"column":32}},"loc":{"start":{"line":12,"column":35},"end":{"line":29,"column":3}},"line":12},"12":{"name":"(anonymous_12)","decl":{"start":{"line":17,"column":9},"end":{"line":17,"column":10}},"loc":{"start":{"line":17,"column":29},"end":{"line":22,"column":5}},"line":17},"13":{"name":"(anonymous_13)","decl":{"start":{"line":20,"column":44},"end":{"line":20,"column":45}},"loc":{"start":{"line":20,"column":60},"end":{"line":20,"column":101}},"line":20},"14":{"name":"(anonymous_14)","decl":{"start":{"line":23,"column":10},"end":{"line":23,"column":11}},"loc":{"start":{"line":23,"column":27},"end":{"line":28,"column":5}},"line":23},"15":{"name":"(anonymous_15)","decl":{"start":{"line":30,"column":24},"end":{"line":30,"column":25}},"loc":{"start":{"line":30,"column":36},"end":{"line":33,"column":3}},"line":30},"16":{"name":"navigateToDetailScreen","decl":{"start":{"line":35,"column":40},"end":{"line":35,"column":62}},"loc":{"start":{"line":35,"column":67},"end":{"line":37,"column":3}},"line":35},"17":{"name":"(anonymous_17)","decl":{"start":{"line":42,"column":20},"end":{"line":42,"column":21}},"loc":{"start":{"line":42,"column":43},"end":{"line":46,"column":218}},"line":42},"18":{"name":"onPress","decl":{"start":{"line":43,"column":130},"end":{"line":43,"column":137}},"loc":{"start":{"line":43,"column":140},"end":{"line":43,"column":181}},"line":43}},"branchMap":{"0":{"loc":{"start":{"line":4,"column":213},"end":{"line":4,"column":259}},"type":"cond-expr","locations":[{"start":{"line":4,"column":237},"end":{"line":4,"column":240}},{"start":{"line":4,"column":243},"end":{"line":4,"column":259}}],"line":4},"1":{"loc":{"start":{"line":4,"column":213},"end":{"line":4,"column":234}},"type":"binary-expr","locations":[{"start":{"line":4,"column":213},"end":{"line":4,"column":216}},{"start":{"line":4,"column":220},"end":{"line":4,"column":234}}],"line":4},"2":{"loc":{"start":{"line":4,"column":309},"end":{"line":4,"column":356}},"type":"if","locations":[{"start":{"line":4,"column":309},"end":{"line":4,"column":356}},{"start":{},"end":{}}],"line":4},"3":{"loc":{"start":{"line":4,"column":521},"end":{"line":4,"column":571}},"type":"cond-expr","locations":[{"start":{"line":4,"column":535},"end":{"line":4,"column":551}},{"start":{"line":4,"column":554},"end":{"line":4,"column":571}}],"line":4},"4":{"loc":{"start":{"line":4,"column":641},"end":{"line":4,"column":697}},"type":"if","locations":[{"start":{"line":4,"column":641},"end":{"line":4,"column":697}},{"start":{},"end":{}}],"line":4},"5":{"loc":{"start":{"line":4,"column":645},"end":{"line":4,"column":682}},"type":"binary-expr","locations":[{"start":{"line":4,"column":645},"end":{"line":4,"column":657}},{"start":{"line":4,"column":661},"end":{"line":4,"column":664}},{"start":{"line":4,"column":668},"end":{"line":4,"column":682}}],"line":4},"6":{"loc":{"start":{"line":4,"column":697},"end":{"line":4,"column":797}},"type":"if","locations":[{"start":{"line":4,"column":697},"end":{"line":4,"column":797}},{"start":{},"end":{}}],"line":4},"7":{"loc":{"start":{"line":4,"column":701},"end":{"line":4,"column":769}},"type":"binary-expr","locations":[{"start":{"line":4,"column":701},"end":{"line":4,"column":713}},{"start":{"line":4,"column":717},"end":{"line":4,"column":740}},{"start":{"line":4,"column":744},"end":{"line":4,"column":769}}],"line":4},"8":{"loc":{"start":{"line":4,"column":847},"end":{"line":4,"column":900}},"type":"if","locations":[{"start":{"line":4,"column":847},"end":{"line":4,"column":900}},{"start":{},"end":{}}],"line":4},"9":{"loc":{"start":{"line":4,"column":851},"end":{"line":4,"column":874}},"type":"binary-expr","locations":[{"start":{"line":4,"column":851},"end":{"line":4,"column":856}},{"start":{"line":4,"column":860},"end":{"line":4,"column":874}}],"line":4},"10":{"loc":{"start":{"line":4,"column":944},"end":{"line":4,"column":1000}},"type":"binary-expr","locations":[{"start":{"line":4,"column":944},"end":{"line":4,"column":965}},{"start":{"line":4,"column":969},"end":{"line":4,"column":1000}}],"line":4},"11":{"loc":{"start":{"line":4,"column":1023},"end":{"line":4,"column":1292}},"type":"if","locations":[{"start":{"line":4,"column":1023},"end":{"line":4,"column":1292}},{"start":{},"end":{}}],"line":4},"12":{"loc":{"start":{"line":4,"column":1027},"end":{"line":4,"column":1094}},"type":"binary-expr","locations":[{"start":{"line":4,"column":1027},"end":{"line":4,"column":1044}},{"start":{"line":4,"column":1048},"end":{"line":4,"column":1094}}],"line":4},"13":{"loc":{"start":{"line":4,"column":1108},"end":{"line":4,"column":1180}},"type":"cond-expr","locations":[{"start":{"line":4,"column":1132},"end":{"line":4,"column":1173}},{"start":{"line":4,"column":1176},"end":{"line":4,"column":1180}}],"line":4},"14":{"loc":{"start":{"line":4,"column":1181},"end":{"line":4,"column":1291}},"type":"if","locations":[{"start":{"line":4,"column":1181},"end":{"line":4,"column":1291}},{"start":{"line":4,"column":1266},"end":{"line":4,"column":1291}}],"line":4},"15":{"loc":{"start":{"line":4,"column":1185},"end":{"line":4,"column":1215}},"type":"binary-expr","locations":[{"start":{"line":4,"column":1185},"end":{"line":4,"column":1189}},{"start":{"line":4,"column":1194},"end":{"line":4,"column":1202}},{"start":{"line":4,"column":1206},"end":{"line":4,"column":1214}}],"line":4},"16":{"loc":{"start":{"line":4,"column":1314},"end":{"line":4,"column":1350}},"type":"if","locations":[{"start":{"line":4,"column":1314},"end":{"line":4,"column":1350}},{"start":{},"end":{}}],"line":4},"17":{"loc":{"start":{"line":4,"column":1405},"end":{"line":4,"column":1519}},"type":"binary-expr","locations":[{"start":{"line":4,"column":1405},"end":{"line":4,"column":1425}},{"start":{"line":4,"column":1429},"end":{"line":4,"column":1458}},{"start":{"line":4,"column":1462},"end":{"line":4,"column":1497}},{"start":{"line":4,"column":1501},"end":{"line":4,"column":1519}}],"line":4},"18":{"loc":{"start":{"line":4,"column":1761},"end":{"line":4,"column":1776}},"type":"if","locations":[{"start":{"line":4,"column":1761},"end":{"line":4,"column":1776}},{"start":{},"end":{}}],"line":4},"19":{"loc":{"start":{"line":4,"column":1776},"end":{"line":4,"column":1839}},"type":"if","locations":[{"start":{"line":4,"column":1776},"end":{"line":4,"column":1839}},{"start":{},"end":{}}],"line":4},"20":{"loc":{"start":{"line":4,"column":1894},"end":{"line":4,"column":1954}},"type":"if","locations":[{"start":{"line":4,"column":1894},"end":{"line":4,"column":1954}},{"start":{},"end":{}}],"line":4},"21":{"loc":{"start":{"line":4,"column":1898},"end":{"line":4,"column":1929}},"type":"binary-expr","locations":[{"start":{"line":4,"column":1898},"end":{"line":4,"column":1912}},{"start":{"line":4,"column":1916},"end":{"line":4,"column":1929}}],"line":4},"22":{"loc":{"start":{"line":4,"column":1954},"end":{"line":4,"column":2007}},"type":"if","locations":[{"start":{"line":4,"column":1954},"end":{"line":4,"column":2007}},{"start":{},"end":{}}],"line":4},"23":{"loc":{"start":{"line":4,"column":1958},"end":{"line":4,"column":1984}},"type":"binary-expr","locations":[{"start":{"line":4,"column":1958},"end":{"line":4,"column":1969}},{"start":{"line":4,"column":1973},"end":{"line":4,"column":1984}}],"line":4},"24":{"loc":{"start":{"line":4,"column":2007},"end":{"line":4,"column":2120}},"type":"if","locations":[{"start":{"line":4,"column":2007},"end":{"line":4,"column":2120}},{"start":{},"end":{}}],"line":4},"25":{"loc":{"start":{"line":4,"column":2011},"end":{"line":4,"column":2082}},"type":"binary-expr","locations":[{"start":{"line":4,"column":2011},"end":{"line":4,"column":2028}},{"start":{"line":4,"column":2032},"end":{"line":4,"column":2082}}],"line":4},"26":{"loc":{"start":{"line":4,"column":2159},"end":{"line":4,"column":2213}},"type":"if","locations":[{"start":{"line":4,"column":2159},"end":{"line":4,"column":2213}},{"start":{},"end":{}}],"line":4},"27":{"loc":{"start":{"line":4,"column":2163},"end":{"line":4,"column":2194}},"type":"binary-expr","locations":[{"start":{"line":4,"column":2163},"end":{"line":4,"column":2174}},{"start":{"line":4,"column":2178},"end":{"line":4,"column":2194}}],"line":4},"28":{"loc":{"start":{"line":4,"column":2347},"end":{"line":4,"column":2442}},"type":"cond-expr","locations":[{"start":{"line":4,"column":2361},"end":{"line":4,"column":2365}},{"start":{"line":4,"column":2368},"end":{"line":4,"column":2442}}],"line":4},"29":{"loc":{"start":{"line":4,"column":2368},"end":{"line":4,"column":2442}},"type":"binary-expr","locations":[{"start":{"line":4,"column":2368},"end":{"line":4,"column":2397}},{"start":{"line":4,"column":2401},"end":{"line":4,"column":2421}},{"start":{"line":4,"column":2425},"end":{"line":4,"column":2442}}],"line":4},"30":{"loc":{"start":{"line":4,"column":2443},"end":{"line":4,"column":2466}},"type":"if","locations":[{"start":{"line":4,"column":2443},"end":{"line":4,"column":2466}},{"start":{},"end":{}}],"line":4},"31":{"loc":{"start":{"line":4,"column":2612},"end":{"line":4,"column":2646}},"type":"if","locations":[{"start":{"line":4,"column":2612},"end":{"line":4,"column":2646}},{"start":{},"end":{}}],"line":4},"32":{"loc":{"start":{"line":4,"column":2616},"end":{"line":4,"column":2638}},"type":"binary-expr","locations":[{"start":{"line":4,"column":2616},"end":{"line":4,"column":2617}},{"start":{"line":4,"column":2621},"end":{"line":4,"column":2638}}],"line":4},"33":{"loc":{"start":{"line":4,"column":2697},"end":{"line":4,"column":2745}},"type":"if","locations":[{"start":{"line":4,"column":2697},"end":{"line":4,"column":2745}},{"start":{},"end":{}}],"line":4},"34":{"loc":{"start":{"line":4,"column":2701},"end":{"line":4,"column":2728}},"type":"binary-expr","locations":[{"start":{"line":4,"column":2701},"end":{"line":4,"column":2704}},{"start":{"line":4,"column":2708},"end":{"line":4,"column":2728}}],"line":4},"35":{"loc":{"start":{"line":4,"column":2756},"end":{"line":4,"column":2773}},"type":"if","locations":[{"start":{"line":4,"column":2756},"end":{"line":4,"column":2773}},{"start":{},"end":{}}],"line":4},"36":{"loc":{"start":{"line":4,"column":2819},"end":{"line":4,"column":2854}},"type":"if","locations":[{"start":{"line":4,"column":2819},"end":{"line":4,"column":2854}},{"start":{},"end":{}}],"line":4},"37":{"loc":{"start":{"line":21,"column":21},"end":{"line":21,"column":83}},"type":"cond-expr","locations":[{"start":{"line":21,"column":57},"end":{"line":21,"column":67}},{"start":{"line":21,"column":70},"end":{"line":21,"column":83}}],"line":21},"38":{"loc":{"start":{"line":44,"column":8},"end":{"line":46,"column":214}},"type":"cond-expr","locations":[{"start":{"line":45,"column":8},"end":{"line":45,"column":236}},{"start":{"line":46,"column":8},"end":{"line":46,"column":214}}],"line":44},"39":{"loc":{"start":{"line":50,"column":4},"end":{"line":51,"column":160}},"type":"binary-expr","locations":[{"start":{"line":50,"column":4},"end":{"line":50,"column":13}},{"start":{"line":51,"column":4},"end":{"line":51,"column":160}}],"line":50},"40":{"loc":{"start":{"line":53,"column":4},"end":{"line":54,"column":149}},"type":"binary-expr","locations":[{"start":{"line":53,"column":4},"end":{"line":53,"column":17}},{"start":{"line":54,"column":4},"end":{"line":54,"column":149}}],"line":53}},"s":{"0":1,"1":1,"2":1,"3":1,"4":1,"5":1,"6":1,"7":1,"8":1,"9":1,"10":0,"11":1,"12":1,"13":1,"14":1,"15":1,"16":0,"17":1,"18":0,"19":1,"20":1,"21":0,"22":1,"23":1,"24":1,"25":28,"26":28,"27":28,"28":0,"29":28,"30":1,"31":1,"32":1,"33":1,"34":6,"35":0,"36":0,"37":0,"38":0,"39":0,"40":0,"41":0,"42":0,"43":0,"44":0,"45":0,"46":0,"47":0,"48":0,"49":0,"50":0,"51":0,"52":0,"53":0,"54":0,"55":0,"56":0,"57":0,"58":0,"59":0,"60":0,"61":0,"62":0,"63":0,"64":0,"65":0,"66":0,"67":0,"68":0,"69":0,"70":0,"71":0,"72":0,"73":6,"74":6,"75":1,"76":2,"77":2,"78":2,"79":2,"80":2,"81":2,"82":2,"83":2,"84":2,"85":2,"86":2,"87":2,"88":2,"89":1,"90":1,"91":1,"92":0,"93":0,"94":0,"95":0,"96":0,"97":0,"98":0,"99":2,"100":1,"101":1,"102":2,"103":0,"104":2,"105":0,"106":0,"107":1,"108":1},"f":{"0":1,"1":1,"2":1,"3":1,"4":6,"5":0,"6":0,"7":0,"8":0,"9":6,"10":2,"11":1,"12":0,"13":0,"14":0,"15":1,"16":0,"17":0,"18":0},"b":{"0":[0,1],"1":[1,1],"2":[0,1],"3":[0,1],"4":[0,1],"5":[1,1,1],"6":[0,1],"7":[1,1,0],"8":[0,1],"9":[1,1],"10":[1,1],"11":[28,0],"12":[28,28],"13":[28,0],"14":[0,28],"15":[28,28,28],"16":[1,0],"17":[6,0,0,0],"18":[0,0],"19":[0,0],"20":[0,0],"21":[0,0],"22":[0,0],"23":[0,0],"24":[0,0],"25":[0,0],"26":[0,0],"27":[0,0],"28":[0,0],"29":[0,0,0],"30":[0,0],"31":[0,0],"32":[0,0],"33":[0,0],"34":[0,0],"35":[0,0],"36":[6,0],"37":[0,0],"38":[0,0],"39":[2,1],"40":[2,0]},"inputSourceMap":null,"_coverageSchema":"1a1c01bbd47fc00a2c39e90264f33305004495a9","hash":"8ecb1d87dc5ccba855866f416f177a227b04c9ee"}
}
