TN:
SF:api/getTransaction.js
FN:4,_interopRequireDefault
FN:4,_getRequireWildcardCache
FN:4,_getRequireWildcardCache
FN:4,_interopRequireWildcard
FN:4,_slicedToArray
FN:4,_nonIterableRest
FN:4,_unsupportedIterableToArray
FN:4,_arrayLikeToArray
FN:4,_iterableToArrayLimit
FN:4,_arrayWithHoles
FN:7,TransactionData
FN:12,getData
FN:17,(anonymous_12)
FN:20,(anonymous_13)
FN:23,(anonymous_14)
FN:30,(anonymous_15)
FN:35,navigateToDetailScreen
FN:42,(anonymous_17)
FN:43,onPress
FNF:19
FNH:9
FNDA:1,_interopRequireDefault
FNDA:1,_getRequireWildcardCache
FNDA:1,_getRequireWildcardCache
FNDA:1,_interopRequireWildcard
FNDA:6,_slicedToArray
FNDA:0,_nonIterableRest
FNDA:0,_unsupportedIterableToArray
FNDA:0,_arrayLikeToArray
FNDA:0,_iterableToArrayLimit
FNDA:6,_arrayWithHoles
FNDA:2,TransactionData
FNDA:1,getData
FNDA:0,(anonymous_12)
FNDA:0,(anonymous_13)
FNDA:0,(anonymous_14)
FNDA:1,(anonymous_15)
FNDA:0,navigateToDetailScreen
FNDA:0,(anonymous_17)
FNDA:0,onPress
DA:1,1
DA:2,1
DA:3,1
DA:4,28
DA:7,1
DA:8,2
DA:9,2
DA:10,2
DA:12,2
DA:13,1
DA:14,1
DA:15,1
DA:19,0
DA:20,0
DA:21,0
DA:25,0
DA:26,0
DA:27,0
DA:30,2
DA:31,1
DA:32,1
DA:35,2
DA:36,0
DA:38,2
DA:42,0
DA:43,0
DA:61,1
LF:27
LH:18
BRDA:4,0,0,0
BRDA:4,0,1,1
BRDA:4,1,0,1
BRDA:4,1,1,1
BRDA:4,2,0,0
BRDA:4,2,1,1
BRDA:4,3,0,0
BRDA:4,3,1,1
BRDA:4,4,0,0
BRDA:4,4,1,1
BRDA:4,5,0,1
BRDA:4,5,1,1
BRDA:4,5,2,1
BRDA:4,6,0,0
BRDA:4,6,1,1
BRDA:4,7,0,1
BRDA:4,7,1,1
BRDA:4,7,2,0
BRDA:4,8,0,0
BRDA:4,8,1,1
BRDA:4,9,0,1
BRDA:4,9,1,1
BRDA:4,10,0,1
BRDA:4,10,1,1
BRDA:4,11,0,28
BRDA:4,11,1,0
BRDA:4,12,0,28
BRDA:4,12,1,28
BRDA:4,13,0,28
BRDA:4,13,1,0
BRDA:4,14,0,0
BRDA:4,14,1,28
BRDA:4,15,0,28
BRDA:4,15,1,28
BRDA:4,15,2,28
BRDA:4,16,0,1
BRDA:4,16,1,0
BRDA:4,17,0,6
BRDA:4,17,1,0
BRDA:4,17,2,0
BRDA:4,17,3,0
BRDA:4,18,0,0
BRDA:4,18,1,0
BRDA:4,19,0,0
BRDA:4,19,1,0
BRDA:4,20,0,0
BRDA:4,20,1,0
BRDA:4,21,0,0
BRDA:4,21,1,0
BRDA:4,22,0,0
BRDA:4,22,1,0
BRDA:4,23,0,0
BRDA:4,23,1,0
BRDA:4,24,0,0
BRDA:4,24,1,0
BRDA:4,25,0,0
BRDA:4,25,1,0
BRDA:4,26,0,0
BRDA:4,26,1,0
BRDA:4,27,0,0
BRDA:4,27,1,0
BRDA:4,28,0,0
BRDA:4,28,1,0
BRDA:4,29,0,0
BRDA:4,29,1,0
BRDA:4,29,2,0
BRDA:4,30,0,0
BRDA:4,30,1,0
BRDA:4,31,0,0
BRDA:4,31,1,0
BRDA:4,32,0,0
BRDA:4,32,1,0
BRDA:4,33,0,0
BRDA:4,33,1,0
BRDA:4,34,0,0
BRDA:4,34,1,0
BRDA:4,35,0,0
BRDA:4,35,1,0
BRDA:4,36,0,6
BRDA:4,36,1,0
BRDA:21,37,0,0
BRDA:21,37,1,0
BRDA:44,38,0,0
BRDA:44,38,1,0
BRDA:50,39,0,2
BRDA:50,39,1,1
BRDA:53,40,0,2
BRDA:53,40,1,0
BRF:88
BRH:31
end_of_record
